1 53 36 2 72 3 63 83 5 49 9 6 85 82 86 12 64 70 13 92 14 30 21 67 59 18 38 46 48 22 75 24 91 73 76 32 54 34 35 55 90 93 87 71 47 66 52 99 97 68 80 81 84 96 15 58 43 27 39 77
1 72
1 2
53 86
53 54
53 52
36 55
36 35
36 34
2 63
72 71
3 83
63 64
83 84
83 5
83 9
5 6
49 90
49 76
9 82
85 84
85 27
82 81
86 87
86 32
12 92
64 97
70 71
70 34
70 92
13 30
13 14
92 93
92 80
92 91
14 15
14 59
21 75
21 22
67 68
67 22
59 99
59 58
18 46
38 73
38 39
46 47
48 66
48 47
75 76
24 73
91 90
73 71
76 77
54 55
93 43
71 66
66 99
97 96
80 81