0 2 1 4 5 8 9 10 12 11 18 19 20 22 23 21 26 27 32 34 31 33 35 37 39 42 43 44 40 41 45 49 47 48 53 56 59 55 58 57 62 60 63 64 66 69 67 73 70 74 71 77 75 81 83 84 80 82 87 88 85 89 86 91 94 92 90 97 99 96 98 14 29
0 1
2 4
2 1
4 48
5 8
5 9
5 55
9 89
10 12
10 14
12 11
11 53
11 63
18 19
19 48
20 23
20 22
20 87
22 21
23 73
21 82
26 27
26 75
26 29
32 33
32 34
34 31
31 98
33 81
33 49
35 37
35 39
37 43
42 62
42 75
43 44
44 40
40 41
41 84
45 48
45 49
47 70
47 48
56 90
56 57
56 59
59 58
55 58
57 64
62 74
60 63
63 64
66 91
66 69
69 67
70 71
70 74
77 86
81 80
83 84
83 82
83 80
87 88
88 85
85 89
85 86
91 90
91 94
94 92
97 96
97 99
99 98