1 4 21 88 3 76 7 9 10 11 6 8 49 12 20 14 51 13 17 50 91 19 22 15 18 28 26 27 45 55 43 53 38 35 39 41 31 58 30 33 64 36 37 54 52 59 56 60 61 62 72 66 78 98 84 70 87 96 5 48 47 67 2 80
1 88
1 4
4 11
4 48
21 43
21 20
88 55
3 7
3 10
3 76
3 9
76 2
7 49
9 20
10 14
10 51
11 51
6 5
6 8
8 12
8 49
12 91
13 19
17 28
17 18
50 91
19 15
19 55
22 53
22 55
22 45
15 96
18 27
18 26
18 45
28 30
26 31
26 58
27 80
55 60
53 33
38 56
35 36
35 54
39 56
41 52
33 64
64 84
36 59
36 52
37 54
54 67
52 72
59 78
56 66
60 61
61 62
61 47
62 98
72 84
66 70
98 87
70 87