80 58 14 86 94 42 12 36 50 82 59 81 64 0 74 39 41 19 89 30 3 28 23 9 37 97 67 33 27 61 10 16 54 60 8 51 71 13 66 21 72 15 98 95 17 49 96 77 53 75 22 46 29 6 31 7 34 65
80 82
80 94
80 58
58 10
58 3
14 71
14 42
14 61
86 37
86 94
94 27
42 72
42 96
42 33
42 39
12 30
12 51
36 16
50 53
50 75
50 34
82 54
59 60
59 89
81 64
81 19
64 22
64 98
0 74
74 75
74 98
41 17
41 21
19 30
19 7
89 71
3 28
28 8
23 46
23 97
9 37
37 97
37 21
97 49
67 33
67 13
27 65
61 10
16 54
51 66
51 29
71 22
13 95
66 77
15 46
96 6
53 31