0 14 26 27 1 20 28 2 17 31 32 7 18 15 35 8 6 38 5 19 40 12 22 43 44 45 48 49 9 52 53 10 24 55 56 57 11 59 60 61 62 21 66 23 67 68 71 16 73 75 76 77 78 79 80 83 87 88 90 91 92 95 96 99 69
0 27
0 26
14 67
14 68
14 69
26 75
27 77
27 61
1 28
20 87
28 87
2 32
2 31
17 76
17 77
17 78
31 45
31 60
32 91
7 48
18 79
18 80
15 71
35 68
8 49
6 43
6 44
38 73
5 40
19 83
40 80
12 62
12 61
22 91
22 92
43 95
44 48
44 83
45 87
49 96
9 53
9 52
52 66
53 55
10 57
10 55
10 56
24 99
55 79
56 67
56 76
57 73
57 90
11 60
11 59
59 88
62 99
21 90
21 88
23 95
23 96
71 92
16 75
78 95