0 7 4 44 74 75 76 77 78 79 80 82 83 85 86 87 88 89 90 92 93 94 95 96 97 98 1 3 2 63 50 5 38 6 16 18 15 10 12 40 14 53 64 17 32 54 21 22 23 24 55 25 27 28 56 29 91 65 9 73 72 13
0 97
0 96
0 77
0 95
0 93
0 85
0 78
0 75
0 80
0 83
0 76
0 88
0 90
0 91
0 82
0 79
0 94
0 87
0 86
0 98
0 89
0 74
0 92
0 44
7 80
4 77
44 53
74 1
75 2
76 3
78 5
79 6
82 9
83 10
85 12
86 14
87 15
88 16
89 17
90 18
92 21
93 23
94 24
95 25
96 27
97 28
98 29
3 63
50 53
50 40
5 38
38 22
15 64
40 13
14 73
32 29
54 27
21 65
22 72
24 55
28 56