40 39 41 74 38 30 42 73 37 29 25 31 43 72 56 36 28 32 48 44 71 55 57 35 33 49 70 58 50 64 51 18 69 54 63 65 17 19 68 60 99 16 12 10 20 98 15 11 13 9 21 97 81 14 24 4 8 2 96 80 82 5 95 83 75 89 76 94 79 88 90 93 85
40 39
40 41
40 74
39 38
39 30
41 42
74 73
38 37
38 29
30 25
30 31
42 43
73 72
73 56
37 36
29 28
31 32
31 48
43 44
72 71
56 55
56 57
36 35
32 33
48 49
71 70
71 58
55 50
55 64
57 51
49 18
70 69
50 54
64 63
64 65
18 17
18 19
69 68
69 60
65 99
17 16
17 12
19 10
19 20
99 98
16 15
12 11
12 13
10 9
20 21
98 97
98 81
15 14
15 24
13 4
9 8
9 2
97 96
81 80
81 82
14 5
96 95
96 83
80 75
80 89
82 76
95 94
75 79
89 88
89 90
94 93
94 85