4 3 1 2 17 14 18 11 20 6 13 7 10 53 76 23 25 26 28 29 30 31 32 33 34 35 36 37 38 39 40 41 42 43 44 47 48 50 55 56 58 61 63 78 79 69 85 74 88 95 83 99 96 86 93 87 98 92 80 89
4 6
4 13
4 2
3 14
3 11
3 20
1 2
2 18
17 76
17 13
17 53
18 10
11 10
20 29
20 26
6 7
53 55
53 58
76 78
23 29
23 28
25 26
29 30
30 31
31 32
32 33
33 34
34 35
35 36
36 37
37 38
38 39
39 40
40 42
41 44
42 43
42 44
43 48
47 48
50 58
50 56
55 61
61 63
78 74
79 69
79 74
69 85
85 96
85 99
88 83
95 96
83 92
99 86
86 98
93 87
93 98
98 80
92 89
80 89