3 4 10 12 13 6 15 18 27 25 19 32 22 33 24 34 35 39 41 42 44 45 46 51 49 50 52 61 55 59 58 65 63 62 64 67 68 73 70 71 76 77 81 88 79 82 85 87 89 86 91 99 90 96 97 7 2 38
3 4
3 2
4 13
10 13
10 6
12 18
12 13
6 7
15 27
15 25
18 32
18 19
25 24
19 22
19 33
22 24
33 34
33 35
34 39
35 41
39 42
39 38
41 44
44 45
45 51
45 46
51 49
49 50
50 52
52 61
52 55
61 63
55 59
59 58
65 67
65 68
65 64
63 62
62 64
67 73
73 77
70 71
70 76
71 77
76 81
77 79
77 88
88 89
79 82
85 89
85 87
87 86
89 99
86 91
91 90
99 97
96 97