92 91 93 90 94 89 95 88 96 87 97 86 98 85 99 84 0 83 1 82 2 81 3 80 4 79 5 78 6 77 7 76 8 75 9 74 10 73 11 72 12 71 13 70 14 69 15 68 16 67 17 66 18 65 19 64 20 63 21 62 22 61 23 60 24 59 25 58 26 57 27 56 28 55 29 54 30 53 31 52 32 51 33 50 34 49 35 48 36 47 37 46 38 45 39 44 40 43
92 91
92 93
91 90
93 94
90 89
94 95
89 88
95 96
88 87
96 97
87 86
97 98
86 85
98 99
85 84
99 0
84 83
0 1
83 82
1 2
82 81
2 3
81 80
3 4
80 79
4 5
79 78
5 6
78 77
6 7
77 76
7 8
76 75
8 9
75 74
9 10
74 73
10 11
73 72
11 12
72 71
12 13
71 70
13 14
70 69
14 15
69 68
15 16
68 67
16 17
67 66
17 18
66 65
18 19
65 64
19 20
64 63
20 21
63 62
21 22
62 61
22 23
61 60
23 24
60 59
24 25
59 58
25 26
58 57
26 27
57 56
27 28
56 55
28 29
55 54
29 30
54 53
30 31
53 52
31 32
52 51
32 33
51 50
33 34
50 49
34 35
49 48
35 36
48 47
36 37
47 46
37 38
46 45
38 39
45 44
39 40
44 43