46 45 47 44 51 48 43 50 52 49 42 40 60 53 36 39 59 30 61 70 54 35 29 58 69 20 31 62 71 80 55 19 28 68 79 10 22 32 63 73 81 90 65 9 18 27 78 89 0 11 23 82 91 8 17 15 26 77 88 99 1 12 83 92 7 14 76 86 98 2 93 5 97 94
46 45
46 47
45 44
45 51
47 48
44 43
51 50
51 52
48 49
43 42
50 40
50 60
52 53
49 36
49 39
49 59
40 30
60 61
60 70
53 54
36 35
39 29
59 58
59 69
30 20
30 31
61 62
70 71
70 80
54 55
29 19
29 28
69 68
69 79
20 10
31 22
31 32
62 63
80 73
80 81
80 90
55 65
19 9
19 18
28 27
79 78
79 89
10 0
10 11
22 23
81 82
90 91
9 8
18 17
27 15
27 26
78 77
89 88
89 99
0 1
11 12
82 83
91 92
8 7
15 14
77 76
99 86
99 98
1 2
92 93
14 5
98 97
93 94