59 58 60 30 57 74 61 64 69 72 43 44 80 28 56 71 27 66 88 90 76 16 17 38 42 52 78 21 67 20 97 77 8 37 9 35 48 40 87 15 65 5 23 93 7 33 2 47 49 36 10 63 3 82 13 54 81 84
59 58
59 60
58 30
58 57
58 74
60 61
60 64
60 69
60 72
30 43
30 44
30 80
57 28
57 56
74 71
61 27
64 66
64 88
69 90
72 76
43 16
43 17
43 38
44 42
80 52
80 78
28 21
71 67
27 20
90 97
76 77
16 8
16 37
17 9
38 35
38 48
42 40
78 87
21 15
67 65
20 5
20 23
77 93
8 7
37 33
9 2
48 47
48 49
40 36
15 10
65 63
5 3
47 82
10 13
63 54
82 81
81 84