0 54 1 87 2 68 55 4 40 82 49 9 23 11 58 69 13 78 14 36 17 64 81 20 21 27 22 29 90 79 26 74 83 42 31 39 37 95 43 46 71 48 70 52 57 77 75 96 60 16 89 47 86 50 19 45 92 85 67
0 54
0 58
0 70
54 23
1 40
1 87
87 46
2 68
2 64
68 70
55 48
55 50
55 31
4 40
40 47
82 22
82 96
49 70
49 67
9 79
9 14
9 23
23 29
11 58
11 74
58 20
58 92
69 21
13 57
13 78
78 22
78 75
36 90
36 37
36 16
36 20
17 64
17 71
64 77
64 22
81 19
81 48
20 52
21 27
27 83
26 74
26 43
83 52
42 43
42 45
31 39
39 37
95 57
46 86
46 71
77 89
77 85
75 60