0 10 25 26 30 2 6 31 3 22 23 11 36 4 5 38 19 40 42 16 44 45 20 47 8 18 49 50 51 9 12 52 54 57 58 59 61 62 13 66 14 68 70 71 73 75 77 24 80 81 82 83 87 88 92 93 94 95 96 97 98 17 21
0 25
0 26
10 57
25 87
26 62
26 45
30 70
30 88
30 51
2 31
6 44
6 45
31 49
31 40
3 36
22 93
22 92
23 94
23 96
23 95
11 59
11 58
36 81
4 38
5 40
5 42
38 50
19 83
19 82
42 73
16 75
16 73
44 47
20 87
8 49
8 50
8 51
18 80
18 81
51 71
9 54
9 52
12 62
12 61
52 96
54 92
57 88
58 97
59 75
59 66
59 82
61 93
13 66
14 68
68 70
77 17
77 94
24 98
24 97
80 95
81 83
88 21