1 18 19 65 2 47 66 67 92 5 68 6 27 7 41 79 8 58 30 24 11 48 31 60 12 44 70 20 14 90 94 15 32 39 28 80 71 34 46 21 86 89 72 84 82 54 38 99 97 83 73 91 64 98 61 23 93 29 63 52 49
1 18
1 65
18 8
18 19
18 34
19 52
65 23
2 66
2 47
47 73
66 20
67 64
92 98
5 68
68 71
68 80
6 27
6 63
27 21
7 79
7 41
41 82
79 93
8 30
8 58
58 89
30 24
11 31
11 48
11 60
48 12
60 84
12 70
12 44
44 82
44 29
70 91
14 90
14 94
90 39
94 46
15 39
15 32
32 84
28 54
28 82
71 98
71 21
34 38
34 99
46 83
21 86
86 64
72 97
72 64
82 38
54 73
99 61
97 83
91 49