0 10 25 27 1 16 23 12 28 2 21 18 31 3 13 36 4 38 39 5 9 40 41 42 17 43 7 47 8 50 51 54 55 56 57 11 15 58 61 62 64 69 70 71 72 74 77 78 80 19 20 82 84 87 88 89 92 94 96 98 85
0 25
0 27
10 57
10 55
10 56
25 50
27 57
27 74
27 54
1 28
16 74
23 96
23 94
12 62
12 61
28 72
2 31
21 89
21 88
18 80
31 96
3 36
13 64
36 54
4 39
4 38
38 82
39 87
5 41
5 42
5 40
9 54
40 92
41 47
42 84
17 78
17 77
43 50
7 47
8 50
8 51
51 98
55 69
56 88
11 58
15 71
15 70
15 72
58 78
61 74
62 70
64 72
70 87
71 94
71 77
80 94
19 82
19 84
20 87
20 85