0 13 25 27 1 5 19 30 2 31 34 4 21 7 37 38 40 42 6 16 43 44 45 20 48 11 51 17 52 53 55 12 58 59 62 63 18 64 65 66 14 15 68 69 70 71 72 74 76 81 84 23 87 88 90 91 93 95 97 98 61 28
0 25
0 27
13 65
13 64
25 44
27 42
27 70
1 30
1 28
5 40
5 42
19 84
30 90
30 43
2 31
31 40
34 62
34 58
4 37
4 38
21 90
21 88
7 48
37 98
38 88
40 84
6 45
6 44
6 43
16 74
44 51
45 97
20 87
48 98
11 59
17 76
52 58
53 55
53 98
12 63
12 61
59 98
62 64
63 93
18 81
64 69
65 81
66 76
66 90
14 69
14 68
15 71
15 70
15 72
68 74
69 91
69 72
69 95
76 93
23 95
87 95