21 20 22 19 4 23 18 3 5 90 57 24 96 28 17 2 6 89 91 56 58 25 95 97 68 29 10 16 1 7 78 9 88 84 55 45 59 67 69 30 76 11 15 72 79 34 85 83 54 44 46 65 60 31 75 42 12 80 35 53 64 61 48 41 36 52 49 40 37
21 20
21 22
20 19
20 4
22 23
19 18
4 3
4 5
4 90
4 57
23 24
23 96
23 28
18 17
3 2
5 6
90 89
90 91
57 56
57 58
24 25
96 95
96 97
96 68
28 29
28 10
17 16
2 1
6 7
6 78
6 9
89 88
89 84
56 55
56 45
58 59
68 67
68 69
29 30
29 76
10 11
16 15
1 72
78 79
78 34
9 85
84 83
55 54
45 44
45 46
45 65
59 60
30 31
76 75
76 42
11 12
79 80
34 35
54 53
65 64
60 61
31 48
42 41
35 36
53 52
48 49
41 40
36 37