0 10 11 22 20 12 21 13 23 33 30 14 24 34 40 59 74 75 47 57 25 19 29 39 18 27 17 16 15 26 37 35 88 89 77 79 87 69 68 67 76 86 85 56 58 90 91 92 72 93 82 83 71 63 73 53 43 38 61 80 50
0 10
10 11
11 22
22 23
22 21
22 12
20 30
20 21
13 14
23 24
33 43
33 34
30 40
14 24
24 34
24 25
34 35
40 50
59 69
74 73
74 75
75 85
75 76
47 37
47 57
57 56
57 58
57 67
25 26
19 18
29 27
29 39
39 38
18 27
27 37
27 26
27 17
17 16
16 15
88 89
89 79
77 67
77 76
77 87
79 69
69 68
68 58
86 85
90 80
90 91
91 92
92 82
72 71
72 73
72 82
72 63
93 83
82 83
71 61
63 53