0 5 16 26 27 1 21 29 2 3 31 7 35 36 4 11 38 39 12 41 42 6 43 46 47 8 14 50 52 56 22 58 60 17 62 63 13 66 69 15 19 23 71 75 76 77 78 18 81 82 20 24 85 86 90 92 94 99 10
0 26
0 27
5 42
5 41
16 75
26 29
27 56
1 29
21 90
29 35
2 31
3 35
3 36
31 63
7 47
7 46
36 38
4 39
4 38
11 60
11 58
39 75
39 47
39 90
12 63
12 62
41 99
42 76
6 43
43 85
46 81
46 66
8 50
14 69
50 77
52 58
52 76
52 86
56 77
56 10
22 92
60 94
17 78
17 76
62 78
63 71
13 66
69 71
15 71
19 82
23 94
76 82
77 92
78 92
18 81
20 86
20 85
24 99