14 21 7 25 1 29 30 2 4 31 33 3 20 34 35 36 6 5 37 38 13 24 40 12 43 44 46 47 8 16 50 9 52 53 57 11 58 59 60 61 64 65 67 69 70 73 75 17 77 78 81 83 85 88 93 95 98 99 23 19 15 22
14 69
14 67
21 88
7 46
7 47
25 35
1 30
1 29
29 73
29 93
30 47
2 33
2 31
4 37
4 38
31 50
31 78
33 69
3 36
3 35
3 34
20 85
34 61
36 95
6 43
6 44
5 40
37 83
38 98
38 52
13 65
13 64
24 98
24 99
40 47
12 61
43 65
44 59
46 78
47 57
8 50
16 73
16 75
9 52
9 53
53 75
11 59
11 60
11 58
58 95
60 81
64 85
65 67
70 77
70 15
17 78
17 77
77 88
83 19
93 22
95 23