82 71 15 88 68 16 96 98 99 6 90 38 62 92 95 2 21 50 46 28 14 49 32 61 87 23 37 24 44 17 91 86 63 58 67 85 78 94 3 97 55 4 77 45 40 20 64 53 7 8 93 43 9 5 27 76 29 39 79 81 69 25 42 59
82 71
82 88
82 38
71 15
15 90
88 68
68 16
68 96
68 46
16 3
96 98
98 99
99 6
99 61
6 5
90 97
38 62
62 92
92 95
92 50
92 32
95 2
2 21
46 28
46 14
28 49
28 76
14 87
61 55
87 23
87 37
37 24
37 44
37 91
44 17
17 27
91 86
91 78
91 45
86 63
63 58
63 81
58 67
58 85
85 59
78 94
97 79
55 4
4 77
45 40
40 20
40 7
20 64
64 53
7 8
7 9
8 93
93 43
76 29
29 39
81 69
69 25
25 42