0 1 2 7 8 10 25 12 11 13 14 15 16 18 19 20 24 27 33 34 35 38 39 40 42 44 46 47 70 51 54 57 58 59 60 75 62 63 64 65 66 68 69 71 74 79 82 83 84 85 88 89 90 92 94 96 97 98 32 50
0 2
0 1
1 98
2 18
7 15
7 39
7 8
8 11
10 12
10 25
25 20
25 27
12 11
12 13
13 14
14 24
15 16
16 18
19 20
19 44
24 38
27 70
33 34
33 35
34 42
35 32
38 47
39 40
40 42
46 47
70 69
70 71
51 54
51 50
54 59
57 65
57 89
57 58
59 60
60 62
60 75
62 63
63 64
64 74
65 66
66 68
69 94
71 79
74 88
79 82
82 85
83 84
83 85
84 92
88 97
89 90
90 92
96 97
96 98