0 11 25 26 27 1 9 12 29 30 2 21 32 3 24 36 4 6 38 5 40 41 43 44 7 47 48 14 22 50 19 53 16 56 58 59 60 17 61 62 63 13 65 66 67 69 15 70 72 75 78 18 80 82 83 86 88 92 95 97 98 99 76 10 20 33
0 25
0 26
0 27
11 60
11 58
11 59
25 78
26 83
27 98
27 65
1 30
1 29
9 53
12 61
12 62
29 60
30 36
2 32
2 33
21 88
32 47
3 36
24 97
24 98
4 38
6 43
6 44
38 97
5 40
5 41
40 75
40 82
41 63
43 66
44 56
7 47
7 48
47 99
47 53
48 61
14 69
14 67
22 92
50 67
19 83
19 82
16 75
56 80
56 10
58 72
59 78
17 76
17 78
61 63
62 95
13 66
13 65
69 70
15 70
15 72
75 86
18 80
86 20
88 95
92 99