0 2 3 4 7 8 12 15 16 17 18 22 24 25 26 29 33 34 36 37 38 40 41 42 43 44 45 47 48 50 51 54 55 56 57 58 59 61 65 67 68 69 70 73 74 77 78 81 82 83 84 85 86 87 89 90 91 93 94 95 1
0 22
0 89
2 89
2 93
2 78
3 56
3 18
3 61
4 70
7 70
7 41
8 67
8 54
8 26
12 36
12 17
15 33
15 45
16 51
16 33
18 51
22 50
24 37
25 74
26 55
29 50
29 74
33 84
34 70
36 81
37 91
37 70
37 77
38 56
40 91
41 43
41 85
42 69
42 90
43 93
44 77
47 55
48 89
54 94
56 91
57 68
57 82
58 70
59 94
65 86
67 81
70 82
73 87
73 86
77 87
83 94
83 1
86 1
90 94
90 95