0 49 1 5 2 65 51 4 61 74 64 7 36 8 12 9 32 90 11 18 14 42 15 71 16 45 40 81 70 56 21 33 23 24 85 26 63 28 31 41 30 69 35 62 37 73 47 48 50 84 60 52 53 54 89 87 86 82 75 93 77
0 49
0 26
0 1
49 45
49 48
1 5
5 74
2 65
2 93
65 45
51 60
51 24
51 52
4 54
4 61
4 87
61 53
74 21
64 82
64 63
7 36
36 62
8 30
8 12
9 81
9 32
32 30
90 15
11 18
11 52
11 23
18 81
14 42
42 69
42 40
42 70
15 71
15 82
71 93
16 53
16 45
40 35
70 31
56 87
21 33
33 69
23 89
24 48
85 50
26 41
28 73
28 31
35 62
37 47
73 84
47 86
50 84
60 86
54 75
89 77