0 7 4 25 26 27 28 2 17 23 22 31 33 3 13 35 36 5 39 12 40 42 15 8 43 46 47 48 24 49 9 53 21 56 20 62 64 66 14 69 71 16 73 75 19 76 78 81 84 86 88 89 91 94 95 97 98 32 1 18
0 27
0 25
0 26
7 47
7 46
7 48
4 39
25 84
25 75
26 48
27 39
27 62
28 36
28 1
2 33
2 32
2 31
17 76
17 78
23 95
23 94
22 91
31 91
33 47
3 35
3 36
13 64
13 66
35 94
5 40
5 42
39 98
12 62
40 47
42 49
42 95
15 71
8 49
43 97
46 69
46 88
24 97
24 98
9 53
53 66
53 73
21 88
21 89
56 76
56 75
20 86
62 86
64 81
14 69
71 89
16 73
16 75
19 84
81 18