16 15 17 14 18 13 19 12 20 11 21 10 22 9 23 8 24 7 25 6 26 5 27 4 28 3 29 2 30 1 31 0 32 99 33 98 34 97 35 96 36 95 37 94 38 93 39 92 40 91 41 90 42 89 43 88 44 87 45 86 46 85 47 84 48 83 49 82 50 81 51 80 52 79 53 78 54 77 55 76 56 75 57 74 58 73 59 72 60 71 61 70 62 69 63 68 64 67
16 15
16 17
15 14
17 18
14 13
18 19
13 12
19 20
12 11
20 21
11 10
21 22
10 9
22 23
9 8
23 24
8 7
24 25
7 6
25 26
6 5
26 27
5 4
27 28
4 3
28 29
3 2
29 30
2 1
30 31
1 0
31 32
0 99
32 33
99 98
33 34
98 97
34 35
97 96
35 36
96 95
36 37
95 94
37 38
94 93
38 39
93 92
39 40
92 91
40 41
91 90
41 42
90 89
42 43
89 88
43 44
88 87
44 45
87 86
45 46
86 85
46 47
85 84
47 48
84 83
48 49
83 82
49 50
82 81
50 51
81 80
51 52
80 79
52 53
79 78
53 54
78 77
54 55
77 76
55 56
76 75
56 57
75 74
57 58
74 73
58 59
73 72
59 60
72 71
60 61
71 70
61 62
70 69
62 63
69 68
63 64
68 67