0 1 2 3 4 5 7 8 9 10 11 12 13 14 15 16 17 18 19 20 21 22 23 24 25 26 27 28 29 31 32 33 34 36 43 46 47 48 49 50 51 54 55 56 60 61 68 69 70 72 76 77 82 85 86 88 89 92 95 96
0 33
0 34
0 23
1 36
1 12
2 14
3 9
4 31
4 5
4 21
5 43
5 29
7 48
7 47
7 27
8 49
8 50
9 51
9 31
10 54
10 28
11 56
11 19
11 55
13 60
13 27
14 61
14 32
15 25
16 31
17 68
17 20
18 70
18 69
19 72
20 25
21 76
22 32
22 25
22 77
23 32
24 25
24 82
25 29
26 86
26 32
26 85
27 88
28 89
28 29
29 92
31 96
31 95
34 36
46 48
49 51
54 56
70 72
86 88