0 10 22 25 27 1 11 28 30 2 31 33 16 20 9 13 34 4 39 5 24 40 41 42 6 45 48 8 15 50 52 21 55 56 57 19 58 12 62 65 66 14 23 68 71 73 74 77 80 82 83 84 85 86 87 89 90 92 94 96 97 98 99 3 18 17
0 27
0 25
10 57
10 56
10 55
22 92
25 73
27 97
1 28
1 30
11 58
28 56
30 58
2 33
2 31
31 77
31 89
33 65
16 74
16 73
20 86
20 85
20 87
9 52
13 66
13 65
34 41
34 3
4 39
39 85
5 42
5 40
5 41
24 99
24 97
40 50
42 99
6 45
45 83
48 57
8 50
15 71
52 90
21 90
21 89
55 94
57 65
19 82
19 83
19 84
12 62
62 96
62 92
66 74
14 68
23 96
23 94
68 82
71 80
77 17
80 98
80 18
84 96
86 96
87 98