34 31 37 28 40 25 43 22 46 19 49 16 52 13 55 10 58 7 61 4 64 1 67 98 70 95 73 92 76 89 79 86 82 83 85 80 88 77 91 74 94 71 97 68 0 65 3 62 6 59 9 56 12 53 15 50 18 47 21 44 24 41 27 38 30 35 33 32 36 29 39 26 42 23 45 20 48 17 51 14 54 11 57 8 60 5 63 2 66 99 69 96 72 93 75 90 78 87
34 31
34 37
31 28
37 40
28 25
40 43
25 22
43 46
22 19
46 49
19 16
49 52
16 13
52 55
13 10
55 58
10 7
58 61
7 4
61 64
4 1
64 67
1 98
67 70
98 95
70 73
95 92
73 76
92 89
76 79
89 86
79 82
86 83
82 85
83 80
85 88
80 77
88 91
77 74
91 94
74 71
94 97
71 68
97 0
68 65
0 3
65 62
3 6
62 59
6 9
59 56
9 12
56 53
12 15
53 50
15 18
50 47
18 21
47 44
21 24
44 41
24 27
41 38
27 30
38 35
30 33
35 32
33 36
32 29
36 39
29 26
39 42
26 23
42 45
23 20
45 48
20 17
48 51
17 14
51 54
14 11
54 57
11 8
57 60
8 5
60 63
5 2
63 66
2 99
66 69
99 96
69 72
96 93
72 75
93 90
75 78
90 87