3 7 11 12 15 16 13 17 20 22 23 24 26 27 29 30 34 35 33 39 42 45 46 47 48 49 50 51 53 54 57 61 62 60 65 66 63 67 71 72 74 76 79 82 86 87 91 88 92 93 96 70 85 4 78 36 44 94
3 7
7 11
7 12
7 4
11 16
11 15
12 13
16 20
17 22
20 23
22 24
23 26
24 27
26 30
27 30
29 30
30 34
30 35
34 33
34 39
35 36
39 42
42 46
45 44
45 47
46 48
47 49
48 50
49 51
50 53
51 54
53 57
54 57
57 62
57 61
61 66
61 65
62 67
62 63
60 65
66 70
67 72
71 72
71 74
74 76
76 79
79 82
82 86
82 87
82 78
86 91
86 85
87 88
87 92
91 94
88 93
92 96