0 19 24 26 27 1 20 28 30 11 7 31 3 35 36 4 9 10 13 37 38 39 5 40 41 42 6 44 48 21 49 12 53 15 55 56 58 61 16 64 67 70 71 18 74 75 17 23 76 78 22 80 81 82 83 84 86 87 90 91 93 94 95 98 99 96 2
0 27
0 26
19 84
19 82
19 83
24 98
24 99
26 42
27 86
1 28
1 30
20 87
20 86
28 38
30 58
11 58
7 48
31 44
31 35
31 2
3 35
3 36
35 95
36 39
4 38
4 37
9 53
10 55
10 56
13 64
37 39
5 42
5 41
5 40
40 61
41 67
42 81
6 44
48 91
21 90
49 71
12 61
53 75
15 70
15 71
56 91
61 64
16 75
16 74
70 74
18 81
18 80
74 80
17 76
17 78
23 94
23 95
23 96
76 84
78 90
22 93
22 91
82 94
83 98
87 95
93 99