6 4 11 12 9 14 20 13 15 21 22 24 26 29 31 34 35 32 30 36 37 43 44 39 38 41 46 47 95 51 50 54 56 63 60 61 62 64 68 73 98 74 76 77 81 82 86 90 93 94 87 91 92 96 80 83 84 67 7 28 58
6 12
6 7
4 11
4 9
12 13
9 14
14 20
20 13
20 15
13 26
15 21
21 22
22 29
24 30
24 31
26 31
26 32
29 51
29 50
29 34
29 35
34 41
35 28
32 38
30 36
36 43
37 43
37 44
44 95
39 38
39 46
46 47
95 96
51 54
50 56
54 58
56 63
63 60
60 61
61 64
61 62
62 98
64 68
64 67
73 76
98 74
98 94
76 77
77 81
81 82
82 86
86 90
90 93
93 94
87 84
87 91
91 96
91 92
80 83
83 84