0 11 2 27 8 28 6 24 31 32 33 3 16 14 34 4 10 37 15 23 42 44 7 9 47 48 49 51 18 53 54 55 57 58 59 60 21 61 13 64 20 67 68 69 70 72 73 74 76 78 80 19 83 84 85 87 89 90 93 94 96 98 99 5 35
0 27
11 59
11 60
11 58
2 31
2 33
2 32
27 49
8 49
8 51
28 51
28 34
6 44
24 99
24 98
31 67
32 42
33 73
33 57
3 34
3 35
16 73
16 74
14 68
14 69
14 67
4 37
10 57
10 55
37 84
15 70
15 72
23 94
23 96
42 5
44 99
7 48
7 47
9 54
9 53
47 80
48 67
51 85
18 80
53 74
54 87
54 96
55 61
58 94
59 93
60 78
21 89
21 90
13 64
64 68
20 87
20 85
69 98
70 83
72 87
76 90
78 89
19 84
19 83