0 1 2 3 4 5 6 10 14 8 27 38 15 16 20 22 25 21 24 33 35 32 41 43 46 47 44 45 50 52 53 56 48 57 58 59 54 55 60 64 66 67 69 68 71 74 76 98 72 80 84 86 81 82 83 88 93 85 94 92 89 62 49
0 10
0 1
1 2
2 3
3 4
4 14
5 6
5 14
10 20
14 15
8 27
27 16
38 47
15 16
15 25
20 21
22 21
25 24
25 35
24 33
33 32
35 46
32 41
41 52
41 50
43 52
46 45
47 56
44 53
44 45
50 60
56 67
48 58
48 57
57 67
58 69
59 69
59 49
54 64
54 55
55 66
60 71
64 74
66 67
66 76
67 68
67 98
71 62
71 80
71 72
74 84
76 86
98 88
72 84
80 81
81 82
82 83
83 92
83 93
88 89
93 94
85 94