22 27 1 12 14 7 28 30 2 6 31 32 3 16 34 35 4 9 37 39 5 40 43 44 20 46 47 50 10 53 17 57 18 60 63 13 64 67 68 69 72 19 75 76 77 80 81 83 84 23 86 88 91 93 94 95 96 98 99 41 29 82 11 52 8
22 93
22 91
27 83
1 29
1 28
1 30
12 63
14 67
14 69
14 68
7 46
7 47
28 60
30 96
2 31
2 32
6 43
6 44
31 43
32 72
3 35
3 34
16 75
34 44
34 37
35 53
4 39
4 37
9 53
9 52
39 40
5 41
5 40
40 93
43 76
44 86
20 86
46 84
47 76
50 77
50 8
10 57
17 77
17 76
57 88
57 86
18 80
18 81
60 11
63 95
63 69
13 64
64 68
67 75
67 91
19 84
19 82
19 83
81 99
23 96
23 94
88 98
93 99
94 99