55 54 52 57 58 60 51 50 48 47 45 44 61 63 65 66 68 42 40 39 37 36 34 33 31 30 28 27 25 24 22 21 19 18 17 15 13 12 10 9 7 6 5 3 2 69 70 72 74 75 77 78 79 81 83 84 85 87 88 90 92 93 95 96 98
55 54
55 57
54 52
52 51
57 58
58 60
60 61
51 50
50 48
48 47
47 45
45 44
44 42
61 63
63 65
65 66
66 68
68 69
42 40
40 39
39 37
37 36
36 34
34 33
33 31
31 30
30 28
28 27
27 25
25 24
24 22
22 21
21 19
19 18
18 17
17 15
15 13
13 12
12 10
10 9
9 7
7 6
6 5
5 3
3 2
69 70
70 72
72 74
74 75
75 77
77 78
78 79
79 81
81 83
83 84
84 85
85 87
87 88
88 90
90 92
92 93
93 95
95 96
96 98