0 19 12 25 26 20 15 30 2 21 9 32 3 35 36 4 14 38 16 24 42 18 43 48 8 51 11 52 53 57 58 59 60 17 61 62 65 66 69 71 72 73 74 75 22 77 79 81 82 83 86 90 92 96 97 98 99 1 5 6
0 25
0 26
19 82
19 83
12 61
12 62
25 57
25 74
26 65
20 86
15 71
15 72
30 1
30 58
2 32
21 90
9 53
9 52
32 97
3 36
3 35
35 86
36 73
36 61
4 38
14 69
38 98
16 73
16 74
16 75
24 99
24 98
24 97
42 53
42 5
18 79
18 81
43 81
43 6
48 62
8 51
51 82
11 60
11 58
11 59
52 59
59 66
60 99
17 77
62 90
66 69
71 77
72 96
72 75
74 92
22 92
77 79
83 99
90 99