79 12 96 29 74 37 60 38 91 6 39 89 10 52 15 65 82 42 97 8 17 77 99 21 48 83 68 24 28 46 18 1 43 75 66 9 20 59 27 72 36 95 25 90 61 23 2 47 34 35 85 11 86 93 32 4 70 5 98
79 37
79 65
79 24
79 29
12 32
12 15
12 77
96 2
29 8
74 35
74 48
37 90
60 21
60 43
38 91
38 98
91 6
91 52
91 47
39 10
39 5
89 23
10 85
52 83
52 59
15 99
65 97
82 85
42 2
42 99
97 68
8 34
17 61
17 27
77 86
21 2
48 46
48 86
83 75
83 36
68 25
24 66
24 1
28 18
18 72
1 61
43 72
43 95
75 35
66 70
9 90
20 25
59 4
27 93
27 5
23 4
34 86
11 93