41 47 43 42 37 87 72 20 13 12 93 11 86 23 5 39 45 88 84 67 62 16 51 18 32 21 1 89 52 36 80 28 85 76 30 63 19 38 48 71 33 26 91 15 68 66 8 3 78 64 56 53 69 82 54 31 95 9 94 34 77 22 29
41 80
41 69
47 94
47 33
47 28
43 1
42 3
42 9
37 88
37 13
87 33
72 77
20 38
20 18
20 77
12 53
12 76
93 86
11 78
11 51
86 85
86 23
5 36
39 56
45 69
88 31
84 56
67 54
67 63
62 34
62 9
16 85
51 21
51 8
51 91
18 31
32 76
1 30
1 38
89 66
89 52
36 94
36 71
28 26
85 30
76 48
76 19
19 33
38 56
71 22
33 66
26 29
91 34
15 64
15 8
68 31
8 69
53 54
82 95
54 34
31 9
95 29