0 16 15 24 25 26 27 1 13 21 29 30 2 22 31 3 6 12 34 4 20 37 5 40 42 7 11 9 19 44 46 47 8 23 51 17 54 56 58 59 60 61 62 65 66 69 70 73 74 77 18 79 80 84 85 86 87 88 89 91 93 95 98 10
0 27
0 25
0 26
16 74
16 73
15 70
24 98
25 56
26 87
27 70
1 29
1 30
13 66
13 65
21 89
21 88
29 73
30 34
2 31
22 91
22 93
31 42
3 34
6 44
12 62
12 61
4 37
20 86
20 87
20 85
37 60
5 40
5 42
40 60
42 74
42 77
7 46
7 47
11 60
11 59
11 58
9 54
19 84
44 85
46 62
47 54
47 84
8 51
23 95
51 79
17 77
56 10
58 80
59 91
61 98
62 65
66 89
69 70
74 86
18 80
18 79
86 88
93 95