0 9 15 25 27 1 19 22 4 28 29 2 14 23 32 3 36 7 37 39 5 21 20 42 6 16 43 44 46 47 48 8 18 49 50 11 52 55 57 59 12 61 63 13 24 64 66 67 68 69 70 71 73 75 17 78 80 81 83 85 86 88 90 93 94 95 97 98
0 27
0 25
9 52
15 70
15 71
25 42
27 95
1 29
1 28
19 83
22 93
4 39
4 37
28 50
29 59
29 36
2 32
14 68
14 67
14 69
23 94
23 95
32 52
3 36
36 47
36 73
7 48
7 47
7 46
37 44
39 94
39 85
5 42
21 90
21 88
20 86
20 85
6 44
6 43
16 73
43 93
46 88
47 67
48 78
8 50
8 49
18 81
18 80
49 86
11 59
52 75
55 66
57 71
57 64
12 61
12 63
61 75
63 97
13 64
13 66
24 97
24 98
68 97
70 75
17 78
80 90
83 98