11 18 72 73 86 24 32 56 88 59 77 9 25 12 40 70 75 49 16 48 7 97 85 23 68 67 17 64 34 39 99 90 65 60 82 43 14 27 69 26 92 46 44 29 6 30 4 79 81 93 71 38 31 37 54 35 13 58 10 66 20
11 69
18 24
18 39
72 73
72 24
73 70
86 6
86 56
86 30
86 97
86 59
86 14
24 77
24 54
24 92
32 29
32 49
88 31
88 85
77 71
9 13
9 64
25 10
25 35
12 58
40 82
70 67
75 31
49 44
16 23
48 46
48 30
48 38
48 7
7 20
97 31
23 44
68 46
68 99
17 93
17 34
34 69
34 66
39 82
90 65
90 14
60 81
43 35
14 79
14 58
27 37
69 38
69 71
26 46
92 29
6 13
4 66
81 54
37 58
10 20