7 8 54 55 92 93 94 95 40 41 18 19 74 75 80 81 89 90 6 76 77 51 52 11 12 27 28 25 26 29 35 36 37 33 34 30 14 15 97 96 56 17 72 73 48 49 45 46 83 84 47 16 22 23 69 70 9 71 87 88 65 66 58 59 13 68 38 62 63 50 24 39 78 3 4 57 85 67 60 42 43 61 82 32 64 2 91 44 53 86 31 79 10 5 1 20 21 98
7 6
7 8
8 9
54 53
54 55
55 56
92 93
92 91
93 94
94 95
95 96
40 39
40 41
41 42
18 19
18 17
19 20
74 73
74 75
75 76
80 79
80 81
81 82
89 90
89 88
90 91
6 5
76 77
77 78
51 52
51 50
52 53
11 12
11 10
12 13
27 28
27 26
28 29
25 24
25 26
29 30
35 34
35 36
36 37
37 38
33 34
33 32
30 31
14 13
14 15
15 16
97 96
97 98
56 57
17 16
72 73
72 71
48 49
48 47
49 50
45 44
45 46
46 47
83 84
83 82
84 85
22 21
22 23
23 24
69 70
69 68
70 71
9 10
87 88
87 86
65 66
65 64
66 67
58 59
58 57
59 60
68 67
38 39
62 63
62 61
63 64
78 79
3 2
3 4
4 5
85 86
60 61
42 43
43 44
32 31
2 1
20 21