56 55 57 54 58 53 59 52 60 51 61 50 62 49 99 63 48 98 64 47 97 65 46 96 66 45 95 67 44 94 68 43 93 69 42 92 70 41 91 71 40 90 72 39 89 73 38 88 74 37 87 75 36 86 76 35 85 77 34 84 78 33 83 79 32 82 31 30 29 28 27 26 25 24 23 22 21 20 19 18 17 16 15 14 13 12 11 10 9 8 7 6 5 4 3 2 1
56 55
56 57
55 54
57 58
54 53
58 59
53 52
59 60
52 51
60 61
51 50
61 62
50 49
50 99
62 63
49 48
99 98
63 64
48 47
98 97
64 65
47 46
97 96
65 66
46 45
96 95
66 67
45 44
95 94
67 68
44 43
94 93
68 69
43 42
93 92
69 70
42 41
92 91
70 71
41 40
91 90
71 72
40 39
90 89
72 73
39 38
89 88
73 74
38 37
88 87
74 75
37 36
87 86
75 76
36 35
86 85
76 77
35 34
85 84
77 78
34 33
84 83
78 79
33 32
83 82
32 31
31 30
30 29
29 28
28 27
27 26
26 25
25 24
24 23
23 22
22 21
21 20
20 19
19 18
18 17
17 16
16 15
15 14
14 13
13 12
12 11
11 10
10 9
9 8
8 7
7 6
6 5
5 4
4 3
3 2
2 1