13 89 83 12 57 4 52 24 31 55 14 43 44 32 48 71 21 63 22 45 49 33 66 98 95 96 50 99 78 5 79 73 10 80 69 74 72 58 40 18 62 17 77 64 65 47 42 8 0 1 23 7 38 27 29 54 59 46 93
13 89
13 83
13 12
89 57
89 31
83 52
12 24
57 4
57 55
4 17
52 14
52 43
52 44
52 71
24 21
24 23
31 32
31 38
14 63
14 66
43 48
44 45
32 33
32 99
21 93
63 22
22 46
45 49
45 98
49 5
33 74
66 96
66 78
98 95
95 73
95 10
96 50
99 42
5 79
79 72
10 80
80 69
69 0
72 58
58 40
40 18
18 62
62 29
17 77
77 64
64 65
65 47
47 54
42 8
8 1
23 7
38 27
54 59