40 41 30 50 42 31 51 20 60 43 32 52 21 61 10 70 44 33 53 22 62 11 71 80 45 34 54 23 63 12 72 81 46 35 55 24 64 13 73 82 47 36 56 25 65 14 74 83 48 37 57 26 66 15 75 84 49 38 58 27 67 16 76 85 39 59 28 68 17 77 86 29 69 18 78 87 19 79 88 89
40 41
40 30
40 50
41 42
41 31
41 51
30 20
50 60
42 43
42 32
42 52
31 21
51 61
20 10
60 70
43 44
43 33
43 53
32 22
52 62
21 11
61 71
70 80
44 45
44 34
44 54
33 23
53 63
22 12
62 72
71 81
45 46
45 35
45 55
34 24
54 64
23 13
63 73
72 82
46 47
46 36
46 56
35 25
55 65
24 14
64 74
73 83
47 48
47 37
47 57
36 26
56 66
25 15
65 75
74 84
48 49
48 38
48 58
37 27
57 67
26 16
66 76
75 85
49 39
49 59
38 28
58 68
27 17
67 77
76 86
39 29
59 69
28 18
68 78
77 87
29 19
69 79
78 88
79 89