6 8 12 13 14 17 22 24 25 27 28 29 35 42 45 48 51 54 56 59 63 65 66 67 68 69 70 71 72 73 74 75 76 78 79 80 81 82 83 84 85 86 87 88 89 90 91 92 93 0 3 4 11 21 39 36 31 40 64 60
6 3
6 13
8 4
8 17
12 24
12 25
13 27
14 29
14 28
17 35
22 11
22 45
24 48
25 51
27 54
28 56
29 59
35 65
42 21
42 69
45 70
48 72
51 73
54 75
56 76
63 31
63 79
65 80
66 36
66 81
67 39
67 81
68 40
68 82
69 82
70 83
71 83
73 84
74 85
75 85
76 86
78 87
78 60
79 87
80 88
80 64
81 88
82 89
83 89
84 90
85 90
86 91
87 91
88 92
89 92
90 93
91 93
92 0
93 0