32 34 2 3 4 5 21 7 8 24 13 25 36 14 15 40 16 17 26 18 23 27 29 31 30 43 35 37 42 46 47 48 49 50 51 57 58 59 60 63 61 64 69 75 67 70 79 80 78 72 74 77 81 82 83 87 73 84 95 66 11 38 92
32 30
34 27
2 3
3 4
4 5
4 21
5 8
5 7
5 60
21 23
7 58
24 23
24 25
13 25
36 11
36 37
36 40
14 40
14 15
15 16
16 17
17 27
26 18
26 27
26 29
18 23
27 31
29 43
31 30
43 42
35 46
35 37
35 38
46 47
47 48
48 49
49 50
50 51
57 58
59 61
59 63
60 61
63 64
64 69
69 75
75 84
67 66
67 72
70 79
79 95
79 80
79 78
80 77
78 72
72 73
74 87
74 83
77 81
81 82
82 83
73 84
95 92