0 21 25 27 1 6 28 29 2 15 31 32 3 35 36 4 13 9 39 5 8 42 44 45 7 11 48 49 50 54 55 56 59 62 22 23 64 65 67 18 71 16 73 77 79 80 81 82 83 85 88 89 90 91 93 95 96 99 74 70
0 25
0 27
21 90
21 88
21 89
25 89
27 32
1 29
1 28
6 44
6 45
28 39
28 48
29 96
2 31
2 32
15 71
15 70
31 77
3 35
3 36
35 81
36 39
4 39
13 65
13 64
9 54
5 42
8 50
8 49
42 62
42 65
44 82
45 56
7 48
11 59
49 67
50 80
54 73
55 93
56 93
59 95
22 93
22 91
23 95
23 96
64 79
18 79
18 80
18 81
71 95
16 74
16 73
73 82
81 91
83 88
83 99
85 95
90 93