4 2 6 0 8 98 1 10 96 3 99 12 94 5 97 14 92 7 95 16 90 9 93 18 88 11 91 20 86 13 89 22 84 15 87 24 82 17 85 26 80 19 83 28 78 21 81 30 76 23 79 32 74 25 77 34 72 27 75 36 70 29 73 38 68 31 71 40 66 33 69 42 64 35 67 44 62 37 65 46 60 39 63 48 58 41 61 50 56 43 59 45 57 47 55 49
4 2
4 6
2 0
6 8
0 98
0 1
8 10
98 96
1 3
1 99
10 12
96 94
3 5
99 97
12 14
94 92
5 7
97 95
14 16
92 90
7 9
95 93
16 18
90 88
9 11
93 91
18 20
88 86
11 13
91 89
20 22
86 84
13 15
89 87
22 24
84 82
15 17
87 85
24 26
82 80
17 19
85 83
26 28
80 78
19 21
83 81
28 30
78 76
21 23
81 79
30 32
76 74
23 25
79 77
32 34
74 72
25 27
77 75
34 36
72 70
27 29
75 73
36 38
70 68
29 31
73 71
38 40
68 66
31 33
71 69
40 42
66 64
33 35
69 67
42 44
64 62
35 37
67 65
44 46
62 60
37 39
65 63
46 48
60 58
39 41
63 61
48 50
58 56
41 43
61 59
43 45
59 57
45 47
57 55
47 49