0 21 27 1 23 16 28 30 2 6 20 31 3 11 34 35 4 13 38 5 40 43 45 7 8 46 15 51 18 54 55 58 59 12 62 19 65 14 67 68 69 70 75 17 76 77 80 24 83 84 87 88 89 90 91 94 95 98 99 10
0 27
21 90
21 89
21 88
27 34
1 30
1 28
23 95
23 94
16 75
28 31
30 94
2 31
6 45
6 43
20 87
3 35
3 34
11 58
11 59
34 43
35 68
35 40
4 38
13 65
38 45
5 40
7 46
8 51
46 76
15 70
51 98
18 80
54 98
54 84
55 89
55 10
58 83
59 75
12 62
62 89
19 83
19 84
65 88
65 91
14 67
14 69
14 68
67 90
67 99
69 77
70 87
17 77
17 76
80 94
24 98
24 99
83 95
83 87