2 4 5 1 3 23 7 17 16 10 12 6 18 21 9 8 13 20 30 32 29 44 42 39 41 36 33 48 49 28 47 37 69 93 70 92 89 71 72 74 75 88 98 60 53 54 63 67 65 82 59 58 84 56 81 97 22 55 46 83 24
2 13
2 4
2 3
4 1
5 12
5 1
1 39
1 7
1 16
3 22
3 20
23 24
23 89
23 30
7 32
17 42
17 44
17 67
16 53
16 18
10 92
10 32
12 9
6 67
6 18
21 13
8 33
20 82
30 29
32 29
39 63
41 84
41 47
36 72
36 74
33 72
48 46
48 49
49 28
28 74
47 81
37 72
69 93
93 70
70 92
92 71
89 88
71 72
74 75
98 97
98 60
60 54
54 63
63 65
63 84
65 56
82 59
59 58
58 83
56 55