15 26 27 17 28 2 31 3 6 36 4 10 38 39 5 40 41 42 12 43 44 7 13 47 48 50 9 52 53 55 56 57 11 58 59 60 16 61 64 65 14 20 68 69 23 71 74 77 78 21 24 80 83 86 90 22 91 93 95 97 98 1 8 18
15 71
26 56
26 36
27 57
27 43
17 78
17 77
28 91
28 1
2 31
31 97
3 36
6 43
6 44
4 38
4 39
10 55
10 56
10 57
38 58
39 56
5 41
5 42
5 40
40 58
41 90
42 61
12 61
44 97
7 48
7 47
13 65
47 78
48 60
48 69
50 56
50 8
9 53
9 52
52 55
11 58
11 59
11 60
58 93
59 64
60 98
16 74
61 71
64 74
65 68
14 68
14 69
20 86
23 95
71 86
77 80
21 90
24 98
80 95
80 18
83 95
22 91
22 93