0 5 24 26 27 1 16 28 29 2 9 31 3 35 4 11 38 39 40 42 14 43 46 8 13 51 52 53 54 10 19 55 12 60 17 63 20 18 64 65 68 69 23 71 73 74 75 77 78 79 80 81 82 83 84 87 89 93 96 97 15 41 76
0 27
0 26
5 42
5 40
5 41
24 97
26 77
26 96
27 73
1 29
1 28
16 74
16 75
28 81
29 79
2 31
9 53
9 54
9 52
31 97
3 35
35 53
35 97
4 38
4 39
11 60
38 42
39 83
39 75
40 93
14 68
14 69
43 52
43 81
46 71
8 51
13 64
13 65
51 82
54 84
10 55
19 82
19 83
19 84
55 74
12 63
60 74
17 77
17 78
17 76
63 64
20 87
18 81
18 80
65 80
68 73
69 71
23 96
71 15
73 83
78 89
79 87