0 11 6 25 27 1 8 28 29 30 2 14 24 33 3 35 21 23 38 5 18 40 41 42 12 43 45 7 16 10 46 15 13 19 49 50 51 9 52 55 56 20 60 63 64 68 69 71 74 78 79 81 82 83 85 86 88 89 90 92 94 98 99 22
0 27
0 25
11 60
6 43
6 45
25 52
27 83
1 28
1 29
1 30
8 49
8 50
8 51
28 79
29 82
30 99
2 33
14 69
14 68
24 98
24 99
33 55
3 35
35 69
21 89
21 90
21 88
23 94
38 71
38 49
5 42
5 40
5 41
18 79
18 81
40 68
41 85
42 60
12 63
43 46
45 89
7 46
16 74
10 55
10 56
15 71
13 64
19 82
19 83
50 86
51 90
9 52
56 78
20 86
20 85
60 94
63 85
64 98
69 78
74 89
81 88
89 92
92 22