41 40 42 39 43 38 44 37 45 36 46 35 47 34 48 33 49 32 1 3 50 31 4 51 30 5 52 29 6 53 28 7 54 27 8 55 26 9 56 25 10 57 24 11 13 58 23 12 15 59 22 17 60 21 18 61 62 63 64 65 66 67 68 69 70 71 72 73 74 75 76 77 78 79 80 81 82 83 84 85 86 87 88 89 90 91 92 93 94 95 96 97 98
41 40
41 42
40 39
42 43
39 38
43 44
38 37
44 45
37 36
45 46
36 35
46 47
35 34
47 48
34 33
48 49
33 32
49 1
49 3
49 50
32 31
3 4
50 51
31 30
4 5
51 52
30 29
5 6
52 53
29 28
6 7
53 54
28 27
7 8
54 55
27 26
8 9
55 56
26 25
9 10
56 57
25 24
10 11
10 13
57 58
24 23
11 12
13 15
58 59
23 22
12 17
59 60
22 21
17 18
60 61
61 62
62 63
63 64
64 65
65 66
66 67
67 68
68 69
69 70
70 71
71 72
72 73
73 74
74 75
75 76
76 77
77 78
78 79
79 80
80 81
81 82
82 83
83 84
84 85
85 86
86 87
87 88
88 89
89 90
90 91
91 92
92 93
93 94
94 95
95 96
96 97
97 98