64 63 65 62 66 60 68 59 69 57 71 56 72 54 74 53 75 51 77 50 78 48 80 47 81 45 83 44 84 42 86 41 87 39 89 38 90 36 92 35 93 33 95 32 96 30 98 29 27 26 24 23 21 20 18 17 15 14 12 11 9 8 6 5 3 2
64 63
64 65
63 62
65 66
62 60
66 68
60 59
68 69
59 57
69 71
57 56
71 72
56 54
72 74
54 53
74 75
53 51
75 77
51 50
77 78
50 48
78 80
48 47
80 81
47 45
81 83
45 44
83 84
44 42
84 86
42 41
86 87
41 39
87 89
39 38
89 90
38 36
90 92
36 35
92 93
35 33
93 95
33 32
95 96
32 30
96 98
30 29
29 27
27 26
26 24
24 23
23 21
21 20
20 18
18 17
17 15
15 14
14 12
12 11
11 9
9 8
8 6
6 5
5 3
3 2