41 40 42 39 90 43 38 83 91 44 37 84 86 0 36 85 87 88 59 1 35 2 34 60 3 33 61 4 32 62 80 5 31 63 79 6 30 64 78 7 29 65 69 77 8 28 66 70 76 9 27 67 81 72 10 26 68 82 73 25 12 92 24 13 93 23 14 95 22 15 21 16 20 17
41 40
41 42
40 39
40 90
42 43
39 38
39 83
90 91
43 44
38 37
38 84
83 86
91 0
37 36
37 85
84 87
84 88
86 59
0 1
36 35
1 2
35 34
35 60
2 3
34 33
60 61
3 4
33 32
61 62
61 80
4 5
32 31
62 63
80 79
5 6
31 30
63 64
79 78
6 7
30 29
64 65
64 69
78 77
7 8
29 28
65 66
69 70
77 76
8 9
28 27
66 67
70 81
76 72
9 10
27 26
67 68
81 82
72 73
26 25
68 12
82 92
25 24
12 13
92 93
24 23
13 14
93 95
23 22
14 15
22 21
15 16
21 20
16 17