0 1 99 2 98 3 97 4 96 5 95 6 94 7 93 8 92 9 91 10 90 11 89 12 88 13 87 14 86 15 85 16 84 17 83 18 82 19 81 20 80 21 79 22 78 23 77 24 76 25 75 26 74 27 73 28 72 29 71 30 70 31 69 32 68 33 67 34 66 35 65 36 64 37 63 38 62 39 61 40 60 41 59 42 58 43 57 44 56 45 55 46 54 47 53 48 52 49
0 1
0 99
1 2
99 98
2 3
98 97
3 4
97 96
4 5
96 95
5 6
95 94
6 7
94 93
7 8
93 92
8 9
92 91
9 10
91 90
10 11
90 89
11 12
89 88
12 13
88 87
13 14
87 86
14 15
86 85
15 16
85 84
16 17
84 83
17 18
83 82
18 19
82 81
19 20
81 80
20 21
80 79
21 22
79 78
22 23
78 77
23 24
77 76
24 25
76 75
25 26
75 74
26 27
74 73
27 28
73 72
28 29
72 71
29 30
71 70
30 31
70 69
31 32
69 68
32 33
68 67
33 34
67 66
34 35
66 65
35 36
65 64
36 37
64 63
37 38
63 62
38 39
62 61
39 40
61 60
40 41
60 59
41 42
59 58
42 43
58 57
43 44
57 56
44 45
56 55
45 46
55 54
46 47
54 53
47 48
53 52
48 49