0 12 19 23 31 33 36 58 64 66 89 97 1 4 9 43 72 73 80 83 99 2 14 18 45 55 62 82 84 27 60 74 79 96 8 11 16 22 26 29 57 71 90 92 30 32 38 44 49 6 24 39 54 68 94 7 77 48 91 85 15 35 76 17
0 66
12 96
12 43
19 23
19 58
23 11
23 97
31 15
31 89
31 97
31 90
33 29
33 91
36 54
36 22
58 2
64 73
66 30
66 4
66 92
89 72
89 60
97 49
1 43
4 90
9 99
9 48
9 80
72 85
73 57
80 90
83 6
83 26
99 35
2 45
14 94
14 15
18 48
55 16
55 77
62 7
82 27
84 38
84 71
27 49
74 17
74 96
79 15
96 30
8 24
8 16
11 32
22 90
26 39
26 57
71 6
71 30
90 24
32 7
38 44
44 68
77 91
77 76