0 2 3 5 7 13 16 17 27 42 46 78 88 92 28 73 79 9 11 23 31 33 57 66 4 25 38 45 48 65 67 76 86 55 71 75 6 15 19 26 50 70 10 20 37 97 69 51 91 43 95 34 80 18 98 36 40 63 64 87
0 92
0 13
0 88
0 7
2 9
2 5
2 17
3 76
3 67
5 75
5 28
5 15
13 80
16 36
17 40
27 28
42 25
42 65
42 87
46 92
46 97
78 9
88 23
88 70
92 33
28 19
73 64
73 75
79 23
9 38
9 31
11 75
31 86
31 63
33 86
57 26
57 48
66 20
4 76
38 76
45 65
45 43
48 55
86 98
71 20
71 10
75 43
6 10
19 37
26 69
50 97
10 69
20 36
20 37
51 43
91 64
95 34
95 18
18 64