1 2 4 6 9 99 7 11 14 12 16 19 17 21 24 22 26 29 27 31 34 32 36 39 37 41 44 42 46 49 47 51 54 52 56 59 57 61 64 62 66 69 67 71 74 72 76 79 77 81 84 82 86 89 87 91 94 92 96 97
1 4
1 2
4 99
6 9
6 7
9 14
99 94
99 96
11 14
11 12
14 19
16 19
16 17
19 24
21 24
21 22
24 29
26 29
26 27
29 34
31 34
31 32
34 39
36 39
36 37
39 44
41 44
41 42
44 49
46 49
46 47
49 54
51 54
51 52
54 59
56 59
56 57
59 64
61 64
61 62
64 69
66 69
66 67
69 74
71 74
71 72
74 79
76 79
76 77
79 84
81 84
81 82
84 89
86 89
86 87
89 94
91 94
91 92
96 97