51 50 56 52 49 59 55 53 48 60 57 47 62 46 63 64 45 67 65 44 68 43 69 42 72 41 73 40 74 39 75 76 38 77 37 79 36 80 35 81 34 82 33 83 32 84 31 85 30 86 29 87 27 88 25 89 24 26 90 23 91 22 92 19 93 18 94 17 95 13 96 12 97 10 14 98 9 15 0 1 2 5 3 7
51 50
51 56
51 52
50 49
50 59
56 55
52 53
49 48
59 60
55 57
48 47
60 62
47 46
62 63
62 64
46 45
63 67
64 65
45 44
67 68
44 43
68 69
43 42
69 72
42 41
72 73
41 40
73 74
40 39
74 75
74 76
39 38
75 77
38 37
77 79
37 36
79 80
36 35
80 81
35 34
81 82
34 33
82 83
33 32
83 84
32 31
84 85
31 30
85 86
30 29
86 87
29 27
87 88
27 25
88 89
25 24
25 26
89 90
24 23
90 91
23 22
91 92
22 19
92 93
19 18
93 94
18 17
94 95
17 13
95 96
13 12
96 97
12 10
12 14
97 98
10 9
14 15
9 0
0 1
0 2
2 5
2 3
5 7