23 27 1 8 16 28 30 2 31 32 3 35 4 20 39 12 18 40 6 14 43 44 45 7 24 46 48 49 9 21 53 54 10 13 15 55 56 11 58 61 62 65 66 68 69 22 71 74 75 77 79 81 83 84 86 87 89 92 94 96 97 98 99 47 5
23 96
27 68
1 30
1 28
8 49
16 74
16 75
28 71
30 74
2 31
2 32
31 98
31 75
32 83
3 35
35 99
35 44
4 39
20 87
20 86
39 48
12 62
12 61
18 81
18 79
40 69
40 5
6 45
6 43
6 44
14 68
14 69
43 69
45 94
7 47
7 46
24 99
24 97
24 98
46 86
48 55
49 66
9 54
9 53
21 89
53 83
54 96
10 56
10 55
13 65
13 66
15 71
55 89
56 97
11 58
58 98
61 81
62 97
65 69
69 84
22 92
75 92
77 94
79 87