0 14 23 19 25 26 27 1 3 28 29 32 16 34 36 4 10 37 39 5 17 20 41 6 15 43 44 45 7 9 47 8 18 49 50 51 52 24 55 56 11 58 59 63 13 22 64 68 71 73 74 78 80 81 82 86 87 21 89 91 93 96 97 99
0 27
0 26
0 25
14 68
23 96
19 82
25 39
26 82
27 52
1 29
1 28
3 34
3 36
28 34
29 32
16 73
16 74
36 64
36 45
4 39
4 37
10 55
10 56
37 74
39 63
5 41
17 78
20 87
20 86
41 58
6 43
6 45
6 44
15 71
43 93
44 73
45 97
7 47
9 52
47 71
8 51
8 50
8 49
18 80
18 81
49 89
50 81
51 96
24 97
24 99
55 78
56 80
11 59
11 58
59 86
13 64
22 91
22 93
68 86
71 81
81 99
87 91
21 89