33 88 75 82 84 15 87 11 73 35 37 92 5 26 29 85 4 43 45 27 94 23 41 6 21 51 39 61 47 49 34 76 10 95 62 96 2 71 50 12 8 64 32 19 59 24 60 25 16 13 30 63 58 48 67 38 79 36 74 89
33 89
33 47
88 43
88 10
75 79
75 11
82 62
84 73
84 95
15 49
87 25
87 67
11 94
11 38
73 29
35 36
35 26
35 43
37 27
37 59
92 8
92 25
5 2
5 24
26 49
29 24
85 41
85 74
4 45
43 67
43 61
45 27
45 13
27 49
27 96
23 89
41 6
6 79
21 64
21 51
51 50
51 58
39 71
61 47
61 76
47 58
34 59
62 58
62 19
96 60
2 63
71 89
12 59
32 19
25 16
30 58
30 48
63 38
48 38