0 68 73 74 75 76 77 78 79 82 83 84 86 87 88 89 90 94 95 96 98 99 1 70 3 8 4 46 21 6 17 59 18 55 9 64 10 19 24 13 39 58 16 47 22 44 38 27 30 54 36 42 65 91 11 28 61 41 72 2 37 34
0 88
0 87
0 99
0 84
0 76
0 91
0 83
0 82
0 95
0 78
0 73
0 94
0 96
0 89
0 74
0 75
0 90
0 86
0 79
0 98
0 77
0 68
68 61
73 1
74 3
75 6
77 8
78 9
79 10
82 16
83 17
84 18
86 21
87 22
88 24
89 27
90 28
94 36
95 38
96 39
98 42
99 44
70 18
70 2
70 30
8 55
4 46
4 34
46 30
17 47
59 27
59 58
55 54
9 64
10 19
24 11
13 39
58 72
47 65
38 37
36 41