0 6 25 27 15 2 28 14 33 19 9 35 36 4 37 38 39 20 18 43 44 7 46 47 8 50 51 52 53 23 16 55 57 58 59 61 63 13 64 65 66 21 67 68 69 72 73 74 76 81 83 84 85 87 90 91 92 94 95 97 48 31 24
0 25
0 27
6 43
6 44
25 52
27 36
15 72
2 33
2 31
28 43
14 67
14 69
14 68
33 87
19 84
19 83
9 53
9 52
35 57
4 39
4 38
4 37
37 44
38 97
39 55
20 87
20 85
18 81
44 84
7 48
7 46
7 47
46 58
46 67
47 59
8 50
8 51
50 83
51 92
52 81
53 84
53 63
23 95
23 94
16 74
16 73
55 91
57 94
58 61
63 67
13 65
13 64
13 66
64 72
65 95
66 69
66 73
21 90
68 85
74 90
76 95
97 24