0 5 23 25 26 1 8 28 2 3 13 32 33 34 35 4 9 14 37 40 42 6 12 43 7 47 22 49 51 52 10 18 55 57 59 60 61 62 16 64 65 68 69 20 24 70 74 75 17 76 78 79 80 81 83 87 88 93 94 95 97 98 99 11 15 21 66
0 26
0 25
5 40
5 42
23 95
23 94
25 47
25 65
26 83
1 28
8 51
8 49
28 95
2 33
2 32
3 35
3 34
13 65
13 64
13 66
32 57
33 51
34 70
35 97
4 37
9 52
14 69
14 68
37 78
37 59
40 55
42 80
6 43
12 62
12 61
43 88
7 47
22 93
49 64
52 62
10 57
10 55
18 79
18 81
18 80
55 61
59 79
60 75
60 11
16 74
16 75
68 93
69 76
20 87
24 98
24 99
24 97
70 94
70 15
74 98
17 78
17 76
81 87
83 98
88 99
88 21