0 18 25 1 8 20 30 24 31 3 4 34 35 36 16 23 38 5 15 40 41 42 6 14 43 7 46 48 50 51 53 10 21 55 58 59 13 63 66 68 70 71 72 75 76 77 78 80 81 82 86 22 88 89 90 91 92 94 96 99 56 11 97 2 9 73
0 25
18 80
18 81
25 59
1 20
1 30
8 50
8 51
30 92
24 99
24 97
31 71
31 2
3 35
3 34
4 38
34 36
34 55
35 86
36 53
16 75
16 73
23 96
38 96
38 91
38 71
5 42
5 40
5 41
15 71
15 70
15 72
40 59
41 66
42 88
42 68
6 43
14 68
43 88
7 48
7 46
46 75
46 99
48 76
50 71
51 78
53 9
10 55
10 56
21 90
21 89
21 88
58 63
58 11
13 66
63 94
70 94
72 81
75 90
77 78
80 89
82 86
86 88
22 92
22 91