8 4 10 23 12 27 21 29 30 32 6 33 36 2 37 3 39 15 40 42 26 43 44 0 45 46 17 49 50 51 52 53 58 59 60 61 62 64 66 67 28 38 68 11 69 70 72 73 74 14 76 79 80 81 84 86 87 89 90 91 92 93 94 98 99 83 20 97 16 55 82
8 10
8 67
8 4
4 45
10 89
10 51
23 12
23 33
12 43
27 72
27 21
21 94
21 30
29 58
29 69
30 37
32 84
6 84
6 64
33 50
36 83
36 2
2 68
37 3
3 53
3 92
39 15
39 93
15 49
15 90
40 80
40 91
42 55
42 26
26 62
44 0
44 68
0 98
0 53
45 82
46 17
17 52
50 72
51 87
52 70
58 92
59 72
60 80
60 20
61 76
61 98
62 64
64 79
66 74
67 28
67 38
28 70
38 73
68 11
11 87
73 91
74 14
14 86
14 80
79 81
81 89
86 99
87 97
90 16
93 99