0 1 4 6 7 8 10 11 12 13 14 15 20 21 22 23 26 27 28 31 32 33 34 35 36 37 41 42 45 47 48 49 50 51 52 53 54 55 56 57 58 60 61 62 63 64 67 68 69 70 71 72 75 76 77 81 82 83 84 88 89 90 91 92 93 94 95 99 80 87 40 16 98
0 8
0 1
1 31
4 88
6 7
6 64
7 8
10 11
10 92
11 12
12 13
13 14
14 15
15 16
20 60
20 21
21 22
22 23
26 71
26 27
27 28
31 32
32 84
32 33
33 34
34 35
35 36
36 37
41 42
41 82
41 40
42 51
45 90
47 48
48 49
49 50
50 51
50 90
51 52
52 53
53 54
54 55
55 56
56 57
57 58
60 61
61 62
61 72
62 63
63 64
67 77
67 68
68 69
69 70
70 71
71 72
72 99
75 76
76 77
81 82
81 80
82 83
83 84
88 89
88 87
89 90
90 91
91 92
92 93
93 94
94 95
99 98