10 9 11 8 12 7 13 6 14 5 15 4 16 3 17 2 18 1 19 99 20 98 21 97 22 96 23 95 24 94 25 93 26 92 27 91 28 90 29 89 30 88 31 87 32 86 33 85 34 84 35 83 36 82 37 81 38 80 39 79 40 78 41 77 42 76 43 75 44 74 45 73 46 72 47 71 48 70 49 69 50 68 51 67 52 66 53 65 54 64 55 63 56 62 57 61 58
10 9
10 11
9 8
11 12
8 7
12 13
7 6
13 14
6 5
14 15
5 4
15 16
4 3
16 17
3 2
17 18
2 1
18 19
1 99
19 20
99 98
20 21
98 97
21 22
97 96
22 23
96 95
23 24
95 94
24 25
94 93
25 26
93 92
26 27
92 91
27 28
91 90
28 29
90 89
29 30
89 88
30 31
88 87
31 32
87 86
32 33
86 85
33 34
85 84
34 35
84 83
35 36
83 82
36 37
82 81
37 38
81 80
38 39
80 79
39 40
79 78
40 41
78 77
41 42
77 76
42 43
76 75
43 44
75 74
44 45
74 73
45 46
73 72
46 47
72 71
47 48
71 70
48 49
70 69
49 50
69 68
50 51
68 67
51 52
67 66
52 53
66 65
53 54
65 64
54 55
64 63
55 56
63 62
56 57
62 61
57 58