0 23 27 1 20 30 2 16 9 31 32 3 7 35 36 4 10 8 39 5 17 40 42 6 43 44 45 48 12 24 49 53 55 56 58 61 62 63 13 65 66 67 70 71 73 76 77 80 19 84 85 90 91 93 95 96 97 98 99 14 46 18 11 21 51 41
0 27
23 95
23 96
27 80
27 76
1 30
20 85
30 35
2 31
2 32
16 73
9 53
31 91
32 42
32 61
3 35
3 36
7 46
7 48
36 77
4 39
10 55
10 56
8 49
8 51
39 62
5 40
5 41
17 77
17 76
40 61
42 71
6 45
6 43
6 44
43 90
44 62
45 93
48 98
12 61
12 62
12 63
24 97
24 98
24 99
49 56
53 93
55 95
58 70
58 77
58 66
58 11
62 97
63 95
13 65
13 66
65 73
67 96
67 14
70 95
80 18
19 84
84 99
85 99
90 21