0 89 4 5 38 11 70 76 10 68 26 12 13 41 14 96 15 16 57 17 91 18 19 20 83 46 22 23 77 24 25 74 40 82 86 32 33 92 47 37 69 59 39 64 97 63 50 81 56 94 58 67 60 93 66 80 79 71 72 87 84 85 90 95 53 27 1
0 89
0 1
89 90
4 5
5 38
38 37
11 12
11 10
70 69
70 71
76 77
10 26
68 67
68 69
26 25
26 27
12 13
12 41
13 14
13 96
41 40
96 97
96 95
15 57
15 16
16 17
16 91
57 58
57 56
17 18
91 90
18 19
19 20
19 83
20 46
83 84
83 82
46 47
22 23
22 77
23 53
23 24
24 25
25 74
40 39
82 81
86 85
86 87
32 33
32 92
92 93
37 59
59 58
59 60
39 64
64 63
50 56
81 80
94 93
94 95
67 66
60 93
66 79
80 79
71 72
84 85