0 3 25 26 27 1 4 28 30 2 11 32 33 36 12 9 37 39 5 8 41 6 44 45 48 22 51 10 52 53 55 56 57 60 62 63 13 65 14 20 67 15 71 72 24 75 17 19 76 77 80 82 84 21 87 88 23 92 95 96 97 98 99 18 7
0 25
0 26
0 27
3 36
25 39
26 97
27 96
1 30
1 28
4 39
4 37
28 67
30 55
2 32
2 33
11 60
32 37
33 75
36 62
12 62
12 63
9 53
9 52
5 41
8 51
41 95
6 45
6 44
44 71
45 65
48 56
48 7
22 92
51 53
10 56
10 57
10 55
52 77
55 71
57 76
60 82
63 80
63 72
13 65
14 67
20 87
15 72
15 71
24 98
24 99
24 97
17 76
17 77
19 82
19 84
76 87
80 99
80 18
84 95
21 88
88 92
88 98
23 96
23 95