1 2 3 5 10 13 14 11 16 18 15 26 34 25 27 28 30 35 38 39 36 41 43 40 60 53 51 52 55 63 64 61 66 68 65 76 77 78 80 85 88 86 91 93 17 42 67 92 89 0 50 75 19 44 69 6 31 56 81
1 2
1 3
1 0
2 5
2 6
3 10
5 13
5 14
10 11
13 18
13 16
13 19
14 15
11 17
15 34
26 27
26 28
26 25
34 25
27 30
27 31
28 35
30 38
30 39
35 36
38 43
38 41
38 44
39 40
36 42
40 60
60 61
60 53
53 51
51 52
51 50
52 55
52 56
55 63
55 64
63 68
63 66
63 69
64 65
61 67
65 76
76 77
76 78
76 75
77 80
77 81
78 85
80 88
80 89
85 86
88 93
88 91
86 92