0 14 5 8 25 1 15 4 30 2 3 32 33 12 34 35 36 23 38 39 17 40 6 19 10 45 7 20 47 48 13 16 51 9 21 53 54 56 59 61 62 63 64 68 69 70 18 24 73 74 76 78 81 82 83 86 88 90 22 92 94 96 97 99 11
0 25
14 69
14 68
5 40
8 51
25 45
25 76
1 30
15 70
4 38
4 39
30 45
2 32
2 33
3 35
3 34
3 36
32 64
32 81
33 47
12 61
12 63
12 62
34 59
35 82
36 69
36 38
23 96
23 94
39 47
17 78
17 76
40 97
6 45
19 83
19 82
10 56
7 48
7 47
20 86
48 53
13 64
16 73
16 74
51 90
9 54
9 53
21 88
21 90
54 92
56 61
59 11
62 74
63 68
70 96
18 81
24 99
24 97
73 94
78 83
83 99
86 90
88 97
22 92