42 40 43 39 44 37 45 36 38 47 34 50 48 33 51 31 52 30 28 54 29 27 55 26 24 56 23 58 22 59 20 60 19 61 62 16 63 65 67 14 18 69 12 70 10 71 9 72 7 73 6 3 74 1 77 79 80 82 83 84 85 87 88 89 92 94 95 98
42 40
42 43
40 39
43 44
39 37
44 45
37 36
37 38
45 47
36 34
38 50
47 48
34 33
48 51
33 31
51 52
31 30
31 28
52 54
30 29
28 27
54 55
29 26
27 24
55 56
24 23
56 58
23 22
58 59
22 20
59 60
20 19
60 61
60 62
19 16
61 63
62 65
62 67
16 14
16 18
67 69
14 12
69 70
12 10
70 71
10 9
71 72
9 7
72 73
7 6
7 3
73 74
3 1
74 77
77 79
79 80
80 82
82 83
83 84
84 85
85 87
87 88
88 89
89 92
92 94
94 95
95 98