12 11 13 10 14 9 15 8 16 45 50 7 17 44 51 6 18 43 52 5 19 42 53 4 20 41 54 3 21 40 55 2 22 39 56 1 23 38 57 0 24 37 58 69 25 36 59 68 26 35 60 67 27 34 61 66 28 33 62 65 29 32
12 11
12 13
11 10
13 14
10 9
14 15
9 8
15 16
15 45
15 50
8 7
16 17
45 44
50 51
7 6
17 18
44 43
51 52
6 5
18 19
43 42
52 53
5 4
19 20
42 41
53 54
4 3
20 21
41 40
54 55
3 2
21 22
40 39
55 56
2 1
22 23
39 38
56 57
1 0
23 24
38 37
57 58
0 69
24 25
37 36
58 59
69 68
25 26
36 35
59 60
68 67
26 27
35 34
60 61
67 66
27 28
34 33
61 62
66 65
28 29
33 32