46 45 47 44 48 42 50 41 51 39 53 38 54 36 56 35 57 33 59 32 60 30 62 29 63 27 65 26 66 24 68 23 69 21 71 20 72 18 74 17 75 15 77 14 78 12 80 11 81 9 83 8 84 6 86 5 87 3 89 2 90 92 93 95 96 98
46 45
46 47
45 44
47 48
44 42
48 50
42 41
50 51
41 39
51 53
39 38
53 54
38 36
54 56
36 35
56 57
35 33
57 59
33 32
59 60
32 30
60 62
30 29
62 63
29 27
63 65
27 26
65 66
26 24
66 68
24 23
68 69
23 21
69 71
21 20
71 72
20 18
72 74
18 17
74 75
17 15
75 77
15 14
77 78
14 12
78 80
12 11
80 81
11 9
81 83
9 8
83 84
8 6
84 86
6 5
86 87
5 3
87 89
3 2
89 90
90 92
92 93
93 95
95 96
96 98