0 1 15 26 27 29 2 13 4 33 34 23 24 38 39 5 40 6 8 9 19 44 45 7 46 50 53 10 55 56 11 58 59 12 61 64 65 66 67 22 72 74 17 77 78 79 82 84 85 86 89 90 91 92 95 97 99 14 94 54 70 31 3 16
0 26
0 27
1 29
15 72
15 70
26 55
27 74
29 85
2 33
2 31
13 65
13 66
13 64
4 39
4 38
33 84
34 89
34 3
23 94
23 95
24 97
24 99
38 40
39 44
5 40
6 45
6 44
8 50
9 53
9 54
19 82
19 84
44 50
45 58
45 95
7 46
46 78
53 58
53 86
10 55
10 56
55 58
56 91
11 58
11 59
58 99
59 65
12 61
61 67
64 89
66 77
67 82
67 14
22 92
22 91
72 89
74 16
17 77
17 78
79 85
84 90
85 97
90 92