12 13 11 14 15 16 17 18 19 20 21 22 23 24 25 26 27 28 29 10 9 8 7 6 5 4 3 2 1 30 31 32 33 34 35 36 37 38 39 40 41 42 43 44 45 46 47 48
12 13
12 11
13 14
11 10
14 15
15 16
16 17
17 18
18 19
19 20
20 21
21 22
22 23
23 24
24 25
25 26
26 27
27 28
28 29
29 30
10 9
9 8
8 7
7 6
6 5
5 4
4 3
3 2
2 1
30 31
31 32
32 33
33 34
32 31
34 35
31 30
35 36
30 29
36 37
29 28
37 38
28 27
38 39
27 26
39 40
26 25
40 41
25 24
41 42
24 23
42 43
23 22
43 44
22 21
44 45
21 20
45 46
20 19
46 47
19 18
47 48
18 17
17 16
16 15
15 14
14 13
13 12
12 11
11 10
10 9
9 8
8 7
7 6
6 5
5 4
4 3
3 2
2 1